<?xml version="1.0" encoding="UTF-8"?>
<!-- Generated by org.testng.reporters.JUnitReportReporter -->
<testsuite hostname="TelkatBhaat" failures="0" tests="3" name="com.haullog.haullog.controllers.ShipmentControllerTests" time="2.312" errors="0" timestamp="2024-05-07T21:34:27 GMT-07:00" skipped="0">
  <testcase classname="com.haullog.haullog.controllers.ShipmentControllerTests" name="testGetShipmentsByDateSuccess" time="0.017"/>
  <testcase classname="com.haullog.haullog.controllers.ShipmentControllerTests" name="testGetShipmentsByDateMonthError" time="2.142"/>
  <testcase classname="com.haullog.haullog.controllers.ShipmentControllerTests" name="testGetShipmentsByDateInFutureError" time="0.153"/>
</testsuite> <!-- com.haullog.haullog.controllers.ShipmentControllerTests -->
