<?xml version="1.0" encoding="UTF-8"?>
<!-- Generated by org.testng.reporters.JUnitReportReporter -->
<testsuite hostname="TelkatBhaat" failures="0" tests="3" name="com.haullog.haullog.controllers.LoginControllerTests" time="0.106" errors="0" timestamp="2024-05-08T00:05:15 GMT-07:00" skipped="0">
  <testcase classname="com.haullog.haullog.controllers.LoginControllerTests" name="testLoginUserNotFound" time="0.084"/>
  <testcase classname="com.haullog.haullog.controllers.LoginControllerTests" name="testLoginWrongPassword" time="0.007"/>
  <testcase classname="com.haullog.haullog.controllers.LoginControllerTests" name="testLoginSuccess" time="0.015"/>
</testsuite> <!-- com.haullog.haullog.controllers.LoginControllerTests -->
