<?xml version="1.0" encoding="UTF-8"?>
<!-- Generated by org.testng.reporters.JUnitReportReporter -->
<testsuite hostname="TelkatBhaat" failures="0" tests="1" name="com.haullog.haullog.HaUlLogApplicationTests" time="0.066" errors="0" timestamp="2024-04-25T15:04:04 GMT-07:00" skipped="0">
  <testcase classname="com.haullog.haullog.HaUlLogApplicationTests" name="contextLoads" time="0.066"/>
</testsuite> <!-- com.haullog.haullog.HaUlLogApplicationTests -->
