<?xml version="1.0" encoding="UTF-8"?>
<!-- Generated by org.testng.reporters.JUnitReportReporter -->
<testsuite hostname="TelkatBhaat" failures="0" tests="3" name="com.haullog.haullog.controllers.ShipmentControllerTests" time="5.031" errors="0" timestamp="2024-05-08T00:05:15 GMT-07:00" skipped="0">
  <testcase classname="com.haullog.haullog.controllers.ShipmentControllerTests" name="testGetShipmentsByDateInFutureError" time="0.325"/>
  <testcase classname="com.haullog.haullog.controllers.ShipmentControllerTests" name="testGetShipmentsByDateSuccess" time="0.032"/>
  <testcase classname="com.haullog.haullog.controllers.ShipmentControllerTests" name="testGetShipmentsByDateMonthError" time="4.674"/>
</testsuite> <!-- com.haullog.haullog.controllers.ShipmentControllerTests -->
