<?xml version="1.0" encoding="UTF-8"?>
<!-- Generated by org.testng.reporters.JUnitReportReporter -->
<testsuite hostname="TelkatBhaat" failures="0" tests="3" name="com.haullog.haullog.controllers.LoginControllerTests" time="0.013" errors="0" timestamp="2024-04-25T15:04:04 GMT-07:00" skipped="0">
  <testcase classname="com.haullog.haullog.controllers.LoginControllerTests" name="testLoginSuccess" time="0.004"/>
  <testcase classname="com.haullog.haullog.controllers.LoginControllerTests" name="testLoginUserNotFound" time="0.006"/>
  <testcase classname="com.haullog.haullog.controllers.LoginControllerTests" name="testLoginWrongPassword" time="0.003"/>
</testsuite> <!-- com.haullog.haullog.controllers.LoginControllerTests -->
