<?xml version="1.0" encoding="UTF-8"?>
<!-- Generated by org.testng.reporters.JUnitReportReporter -->
<testsuite hostname="TelkatBhaat" failures="0" tests="1" name="com.haullog.haullog.HaUlLogApplicationTests" time="0.019" errors="0" timestamp="2024-05-07T21:34:27 GMT-07:00" skipped="0">
  <testcase classname="com.haullog.haullog.HaUlLogApplicationTests" name="contextLoads" time="0.019"/>
</testsuite> <!-- com.haullog.haullog.HaUlLogApplicationTests -->
