<?xml version="1.0" encoding="UTF-8"?>
<!-- Generated by org.testng.reporters.JUnitReportReporter -->
<testsuite hostname="TelkatBhaat" failures="0" tests="1" name="com.haullog.haullog.services.userServiceImplementation.GetUserByUsernameFailure" time="0.099" errors="0" timestamp="2024-05-07T21:34:27 GMT-07:00" skipped="0">
  <testcase classname="com.haullog.haullog.services.userServiceImplementation.GetUserByUsernameFailure" name="createNewUserFailure" time="0.099"/>
</testsuite> <!-- com.haullog.haullog.services.userServiceImplementation.GetUserByUsernameFailure -->
