<?xml version="1.0" encoding="UTF-8"?>
<!-- Generated by org.testng.reporters.JUnitReportReporter -->
<testsuite hostname="TelkatBhaat" failures="0" tests="2" name="com.haullog.haullog.controllers.SignUpControllerTests" time="1.756" errors="0" timestamp="2024-04-25T15:04:04 GMT-07:00" skipped="0">
  <testcase classname="com.haullog.haullog.controllers.SignUpControllerTests" name="testSignUpSuccess" time="1.748"/>
  <testcase classname="com.haullog.haullog.controllers.SignUpControllerTests" name="testSignUpUserAlreadyExists" time="0.008"/>
</testsuite> <!-- com.haullog.haullog.controllers.SignUpControllerTests -->
